<?xml version="1.0" encoding="UTF-8"?>
<!-- Generated by org.testng.reporters.JUnitReportReporter -->
<testsuite skipped="0" hostname="ariatech-PC" name="testcases.primusbanklogintestcase" tests="1" failures="0" timestamp="17 May 2018 06:16:38 GMT" time="7.757" errors="0">
  <testcase name="login" time="7.757" classname="testcases.primusbanklogintestcase"/>
</testsuite> <!-- testcases.primusbanklogintestcase -->
