<?xml version="1.0" encoding="UTF-8"?>
<!-- Generated by org.testng.reporters.JUnitReportReporter -->
<testsuite skipped="0" hostname="ariatech-PC" name="testcases.LoginTestCase2" tests="2" failures="0" timestamp="08 May 2018 10:14:29 GMT" time="37.422" errors="0">
  <testcase name="login" time="20.995" classname="testcases.LoginTestCase2"/>
  <testcase name="logout" time="16.427" classname="testcases.LoginTestCase2"/>
</testsuite> <!-- testcases.LoginTestCase2 -->
